commit 7eced28994f67b72761b54df49f939e9967e5874
Author: Alexander Myagkikh <kvazik@myagkikh.mxgroup.loc>
Date:   Tue Oct 26 12:30:56 2021 +1000

    Remove and rename files

commit def2fe4e9e1ac3b37b205942dc9b328d60055d40
Author: Alexander Myagkikh <kvazik@myagkikh.mxgroup.loc>
Date:   Tue Oct 26 12:25:49 2021 +1000

    Added two files do delete move

commit 71ee4f8611b5ac37b6c79809c5ea476009c7f32a
Author: Alexander Myagkikh <kvazik@myagkikh.mxgroup.loc>
Date:   Tue Oct 26 11:46:45 2021 +1000

    Added terraform gitignore + readme with description

commit 72f6cd29d323c41471a37d53d4819e31eb4357eb
Author: Alexander Myagkikh <kvazik@myagkikh.mxgroup.loc>
Date:   Tue Oct 26 11:33:09 2021 +1000

    Added .gitignore

commit e192339a6b6d9925741d1db8f0bdefa58169b02c
Author: Alexander Myagkikh <kvazik@myagkikh.mxgroup.loc>
Date:   Tue Oct 26 11:27:52 2021 +1000

    First commit




 
